2025-06-03 01:00:18.514 | ERROR    | __main__:main:86 - Error during automation: 1 validation error for InlandTransport
is_pickup
  Field required [type=missing, input_value={'type': 'SD', 'address':... Main St, New York, NY'}, input_type=dict]
    For further information visit https://errors.pydantic.dev/2.6/v/missing
2025-06-03 01:00:41.621 | INFO     | __main__:main:59 - Initializing Maersk carrier...
2025-06-03 01:00:41.621 | INFO     | __main__:main:63 - Starting browser automation...
2025-06-03 01:00:41.621 | ERROR    | __main__:main:86 - Error during automation: 'MaerskCarrier' object has no attribute 'start_browser'
2025-06-03 01:01:06.929 | INFO     | __main__:main:59 - Initializing Maersk carrier...
2025-06-03 01:01:06.929 | INFO     | __main__:main:63 - Starting browser automation...
2025-06-03 01:01:07.578 | INFO     | __main__:main:67 - Attempting login...
2025-06-03 01:01:07.580 | INFO     | src.carriers.maersk:login:37 - Navigating to Maersk booking page...
2025-06-03 01:01:13.650 | INFO     | src.carriers.maersk:accept_cookies:17 - Looking for cookie acceptance button...
2025-06-03 01:01:13.767 | INFO     | src.carriers.maersk:accept_cookies:26 - Successfully accepted cookies
2025-06-03 01:01:18.870 | INFO     | src.carriers.maersk:login:52 - Filling login form...
2025-06-03 01:01:18.880 | INFO     | src.carriers.maersk:login:58 - Username filled successfully
2025-06-03 01:01:18.888 | INFO     | src.carriers.maersk:login:66 - Password filled successfully
2025-06-03 01:01:18.944 | INFO     | src.carriers.maersk:login:74 - Looking for login button...
2025-06-03 01:01:20.946 | DEBUG    | src.carriers.maersk:login:95 - Login selector button:has-text("Log in") not found: Timeout 2000ms exceeded.
2025-06-03 01:01:20.958 | INFO     | src.carriers.maersk:login:90 - Found login button with selector: button[type="submit"]
2025-06-03 01:01:21.019 | INFO     | src.carriers.maersk:login:104 - Waiting for successful login...
2025-06-03 01:01:26.119 | INFO     | src.carriers.maersk:login:113 - Successfully logged into Maersk portal
2025-06-03 01:01:26.119 | INFO     | __main__:main:70 - Login completed successfully!
2025-06-03 01:01:26.119 | INFO     | __main__:main:77 - Keeping browser open for inspection. Press Ctrl+C to close.
2025-06-03 01:01:56.191 | INFO     | __main__:main:83 - Automation completed successfully!
2025-06-03 01:03:07.284 | INFO     | __main__:main:59 - Initializing Maersk carrier...
2025-06-03 01:03:07.284 | INFO     | __main__:main:63 - Starting browser automation...
2025-06-03 01:03:07.925 | INFO     | __main__:main:67 - Attempting login...
2025-06-03 01:03:07.928 | INFO     | src.carriers.maersk:login:37 - Navigating to Maersk booking page...
2025-06-03 01:03:11.121 | INFO     | src.carriers.maersk:accept_cookies:17 - Looking for cookie acceptance button...
2025-06-03 01:03:11.234 | INFO     | src.carriers.maersk:accept_cookies:26 - Successfully accepted cookies
2025-06-03 01:03:16.325 | INFO     | src.carriers.maersk:login:52 - Filling login form...
2025-06-03 01:03:16.336 | INFO     | src.carriers.maersk:login:58 - Username filled successfully
2025-06-03 01:03:16.344 | INFO     | src.carriers.maersk:login:66 - Password filled successfully
2025-06-03 01:03:16.403 | INFO     | src.carriers.maersk:login:74 - Looking for login button...
2025-06-03 01:03:18.407 | DEBUG    | src.carriers.maersk:login:95 - Login selector button:has-text("Log in") not found: Timeout 2000ms exceeded.
2025-06-03 01:03:18.417 | INFO     | src.carriers.maersk:login:90 - Found login button with selector: button[type="submit"]
2025-06-03 01:03:18.480 | INFO     | src.carriers.maersk:login:104 - Waiting for successful login...
2025-06-03 01:03:23.632 | INFO     | src.carriers.maersk:login:113 - Successfully logged into Maersk portal
2025-06-03 01:03:23.632 | INFO     | __main__:main:70 - Login completed successfully!
2025-06-03 01:03:23.632 | INFO     | __main__:main:77 - Keeping browser open for inspection. Press Ctrl+C to close.
2025-06-03 01:03:53.702 | INFO     | __main__:main:83 - Automation completed successfully!
